Classic Timing Analyzer report for HDB3
Wed Jun 30 10:51:32 2021
Quartus II Version 9.0 Build 235 06/17/2009 Service Pack 2 SJ Web Edition


---------------------
; Table of Contents ;
---------------------
  1. Legal Notice
  2. Timing Analyzer Summary
  3. Timing Analyzer Settings
  4. Clock Settings Summary
  5. Parallel Compilation
  6. Clock Setup: 'clk'
  7. tsu
  8. tco
  9. th
 10. Timing Analyzer Messages



----------------
; Legal Notice ;
----------------
Copyright (C) 1991-2009 Altera Corporation
Your use of Altera Corporation's design tools, logic functions 
and other software and tools, and its AMPP partner logic 
functions, and any output files from any of the foregoing 
(including device programming or simulation files), and any 
associated documentation or information are expressly subject 
to the terms and conditions of the Altera Program License 
Subscription Agreement, Altera MegaCore Function License 
Agreement, or other applicable license agreement, including, 
without limitation, that your use is for the sole purpose of 
programming logic devices manufactured by Altera and sold by 
Altera or its authorized distributors.  Please refer to the 
applicable agreement for further details.



+----------------------------------------------------------------------------------------------------------------------------------------------------------------+
; Timing Analyzer Summary                                                                                                                                        ;
+------------------------------+-------+---------------+----------------------------------+-----------------+-------------+------------+----------+--------------+
; Type                         ; Slack ; Required Time ; Actual Time                      ; From            ; To          ; From Clock ; To Clock ; Failed Paths ;
+------------------------------+-------+---------------+----------------------------------+-----------------+-------------+------------+----------+--------------+
; Worst-case tsu               ; N/A   ; None          ; 3.893 ns                         ; codein          ; count0[16]  ; --         ; clk      ; 0            ;
; Worst-case tco               ; N/A   ; None          ; 6.191 ns                         ; codeout[0]~reg0 ; codeout[0]  ; clk        ; --       ; 0            ;
; Worst-case th                ; N/A   ; None          ; -2.828 ns                        ; codein          ; codeoutv[0] ; --         ; clk      ; 0            ;
; Clock Setup: 'clk'           ; N/A   ; None          ; 318.27 MHz ( period = 3.142 ns ) ; count0[23]      ; count0[16]  ; clk        ; clk      ; 0            ;
; Total number of failed paths ;       ;               ;                                  ;                 ;             ;            ;          ; 0            ;
+------------------------------+-------+---------------+----------------------------------+-----------------+-------------+------------+----------+--------------+


+--------------------------------------------------------------------------------------------------------------------+
; Timing Analyzer Settings                                                                                           ;
+---------------------------------------------------------------------+--------------------+------+----+-------------+
; Option                                                              ; Setting            ; From ; To ; Entity Name ;
+---------------------------------------------------------------------+--------------------+------+----+-------------+
; Device Name                                                         ; EP2S15F484C3       ;      ;    ;             ;
; Timing Models                                                       ; Final              ;      ;    ;             ;
; Default hold multicycle                                             ; Same as Multicycle ;      ;    ;             ;
; Cut paths between unrelated clock domains                           ; On                 ;      ;    ;             ;
; Cut off read during write signal paths                              ; On                 ;      ;    ;             ;
; Cut off feedback from I/O pins                                      ; On                 ;      ;    ;             ;
; Report Combined Fast/Slow Timing                                    ; Off                ;      ;    ;             ;
; Ignore Clock Settings                                               ; Off                ;      ;    ;             ;
; Analyze latches as synchronous elements                             ; On                 ;      ;    ;             ;
; Enable Recovery/Removal analysis                                    ; Off                ;      ;    ;             ;
; Enable Clock Latency                                                ; Off                ;      ;    ;             ;
; Use TimeQuest Timing Analyzer                                       ; Off                ;      ;    ;             ;
; Number of source nodes to report per destination node               ; 10                 ;      ;    ;             ;
; Number of destination nodes to report                               ; 10                 ;      ;    ;             ;
; Number of paths to report                                           ; 200                ;      ;    ;             ;
; Report Minimum Timing Checks                                        ; Off                ;      ;    ;             ;
; Use Fast Timing Models                                              ; Off                ;      ;    ;             ;
; Report IO Paths Separately                                          ; Off                ;      ;    ;             ;
; Perform Multicorner Analysis                                        ; On                 ;      ;    ;             ;
; Reports the worst-case path for each clock domain and analysis      ; Off                ;      ;    ;             ;
; Removes common clock path pessimism (CCPP) during slack computation ; Off                ;      ;    ;             ;
; Output I/O Timing Endpoint                                          ; Near End           ;      ;    ;             ;
+---------------------------------------------------------------------+--------------------+------+----+-------------+


+------------------------------------------------------------------------------------------------------------------------------------------------------------------------------------+
; Clock Settings Summary                                                                                                                                                             ;
+-----------------+--------------------+----------+------------------+---------------+--------------+----------+-----------------------+---------------------+--------+--------------+
; Clock Node Name ; Clock Setting Name ; Type     ; Fmax Requirement ; Early Latency ; Late Latency ; Based on ; Multiply Base Fmax by ; Divide Base Fmax by ; Offset ; Phase offset ;
+-----------------+--------------------+----------+------------------+---------------+--------------+----------+-----------------------+---------------------+--------+--------------+
; clk             ;                    ; User Pin ; None             ; 0.000 ns      ; 0.000 ns     ; --       ; N/A                   ; N/A                 ; N/A    ;              ;
+-----------------+--------------------+----------+------------------+---------------+--------------+----------+-----------------------+---------------------+--------+--------------+


Parallel compilation was disabled, but you have multiple processors available. Enable parallel compilation to reduce compilation time.
+-------------------------------------+
; Parallel Compilation                ;
+----------------------------+--------+
; Processors                 ; Number ;
+----------------------------+--------+
; Number detected on machine ; 12     ;
; Maximum allowed            ; 1      ;
+----------------------------+--------+


+-------------------------------------------------------------------------------------------------------------------------------------------------------------------------------------------------------------------------------------+
; Clock Setup: 'clk'                                                                                                                                                                                                                  ;
+-----------------------------------------+-----------------------------------------------------+------------+------------+------------+----------+-----------------------------+---------------------------+-------------------------+
; Slack                                   ; Actual fmax (period)                                ; From       ; To         ; From Clock ; To Clock ; Required Setup Relationship ; Required Longest P2P Time ; Actual Longest P2P Time ;
+-----------------------------------------+-----------------------------------------------------+------------+------------+------------+----------+-----------------------------+---------------------------+-------------------------+
; N/A                                     ; 318.27 MHz ( period = 3.142 ns )                    ; count0[23] ; count0[20] ; clk        ; clk      ; None                        ; None                      ; 2.958 ns                ;
; N/A                                     ; 318.27 MHz ( period = 3.142 ns )                    ; count0[23] ; count0[25] ; clk        ; clk      ; None                        ; None                      ; 2.958 ns                ;
; N/A                                     ; 318.27 MHz ( period = 3.142 ns )                    ; count0[23] ; count0[30] ; clk        ; clk      ; None                        ; None                      ; 2.958 ns                ;
; N/A                                     ; 318.27 MHz ( period = 3.142 ns )                    ; count0[23] ; count0[28] ; clk        ; clk      ; None                        ; None                      ; 2.958 ns                ;
; N/A                                     ; 318.27 MHz ( period = 3.142 ns )                    ; count0[23] ; count0[24] ; clk        ; clk      ; None                        ; None                      ; 2.958 ns                ;
; N/A                                     ; 318.27 MHz ( period = 3.142 ns )                    ; count0[23] ; count0[18] ; clk        ; clk      ; None                        ; None                      ; 2.958 ns                ;
; N/A                                     ; 318.27 MHz ( period = 3.142 ns )                    ; count0[23] ; count0[27] ; clk        ; clk      ; None                        ; None                      ; 2.958 ns                ;
; N/A                                     ; 318.27 MHz ( period = 3.142 ns )                    ; count0[23] ; count0[31] ; clk        ; clk      ; None                        ; None                      ; 2.958 ns                ;
; N/A                                     ; 318.27 MHz ( period = 3.142 ns )                    ; count0[23] ; count0[21] ; clk        ; clk      ; None                        ; None                      ; 2.958 ns                ;
; N/A                                     ; 318.27 MHz ( period = 3.142 ns )                    ; count0[23] ; count0[26] ; clk        ; clk      ; None                        ; None                      ; 2.958 ns                ;
; N/A                                     ; 318.27 MHz ( period = 3.142 ns )                    ; count0[23] ; count0[29] ; clk        ; clk      ; None                        ; None                      ; 2.958 ns                ;
; N/A                                     ; 318.27 MHz ( period = 3.142 ns )                    ; count0[23] ; count0[17] ; clk        ; clk      ; None                        ; None                      ; 2.958 ns                ;
; N/A                                     ; 318.27 MHz ( period = 3.142 ns )                    ; count0[23] ; count0[22] ; clk        ; clk      ; None                        ; None                      ; 2.958 ns                ;
; N/A                                     ; 318.27 MHz ( period = 3.142 ns )                    ; count0[23] ; count0[19] ; clk        ; clk      ; None                        ; None                      ; 2.958 ns                ;
; N/A                                     ; 318.27 MHz ( period = 3.142 ns )                    ; count0[23] ; count0[23] ; clk        ; clk      ; None                        ; None                      ; 2.958 ns                ;
; N/A                                     ; 318.27 MHz ( period = 3.142 ns )                    ; count0[23] ; count0[16] ; clk        ; clk      ; None                        ; None                      ; 2.958 ns                ;
; N/A                                     ; 324.89 MHz ( period = 3.078 ns )                    ; count0[19] ; count0[20] ; clk        ; clk      ; None                        ; None                      ; 2.894 ns                ;
; N/A                                     ; 324.89 MHz ( period = 3.078 ns )                    ; count0[19] ; count0[25] ; clk        ; clk      ; None                        ; None                      ; 2.894 ns                ;
; N/A                                     ; 324.89 MHz ( period = 3.078 ns )                    ; count0[19] ; count0[30] ; clk        ; clk      ; None                        ; None                      ; 2.894 ns                ;
; N/A                                     ; 324.89 MHz ( period = 3.078 ns )                    ; count0[19] ; count0[28] ; clk        ; clk      ; None                        ; None                      ; 2.894 ns                ;
; N/A                                     ; 324.89 MHz ( period = 3.078 ns )                    ; count0[19] ; count0[24] ; clk        ; clk      ; None                        ; None                      ; 2.894 ns                ;
; N/A                                     ; 324.89 MHz ( period = 3.078 ns )                    ; count0[19] ; count0[18] ; clk        ; clk      ; None                        ; None                      ; 2.894 ns                ;
; N/A                                     ; 324.89 MHz ( period = 3.078 ns )                    ; count0[19] ; count0[27] ; clk        ; clk      ; None                        ; None                      ; 2.894 ns                ;
; N/A                                     ; 324.89 MHz ( period = 3.078 ns )                    ; count0[19] ; count0[31] ; clk        ; clk      ; None                        ; None                      ; 2.894 ns                ;
; N/A                                     ; 324.89 MHz ( period = 3.078 ns )                    ; count0[19] ; count0[21] ; clk        ; clk      ; None                        ; None                      ; 2.894 ns                ;
; N/A                                     ; 324.89 MHz ( period = 3.078 ns )                    ; count0[19] ; count0[26] ; clk        ; clk      ; None                        ; None                      ; 2.894 ns                ;
; N/A                                     ; 324.89 MHz ( period = 3.078 ns )                    ; count0[19] ; count0[29] ; clk        ; clk      ; None                        ; None                      ; 2.894 ns                ;
; N/A                                     ; 324.89 MHz ( period = 3.078 ns )                    ; count0[19] ; count0[17] ; clk        ; clk      ; None                        ; None                      ; 2.894 ns                ;
; N/A                                     ; 324.89 MHz ( period = 3.078 ns )                    ; count0[19] ; count0[22] ; clk        ; clk      ; None                        ; None                      ; 2.894 ns                ;
; N/A                                     ; 324.89 MHz ( period = 3.078 ns )                    ; count0[19] ; count0[19] ; clk        ; clk      ; None                        ; None                      ; 2.894 ns                ;
; N/A                                     ; 324.89 MHz ( period = 3.078 ns )                    ; count0[19] ; count0[23] ; clk        ; clk      ; None                        ; None                      ; 2.894 ns                ;
; N/A                                     ; 324.89 MHz ( period = 3.078 ns )                    ; count0[19] ; count0[16] ; clk        ; clk      ; None                        ; None                      ; 2.894 ns                ;
; N/A                                     ; 336.02 MHz ( period = 2.976 ns )                    ; count0[29] ; count0[20] ; clk        ; clk      ; None                        ; None                      ; 2.792 ns                ;
; N/A                                     ; 336.02 MHz ( period = 2.976 ns )                    ; count0[29] ; count0[25] ; clk        ; clk      ; None                        ; None                      ; 2.792 ns                ;
; N/A                                     ; 336.02 MHz ( period = 2.976 ns )                    ; count0[29] ; count0[30] ; clk        ; clk      ; None                        ; None                      ; 2.792 ns                ;
; N/A                                     ; 336.02 MHz ( period = 2.976 ns )                    ; count0[29] ; count0[28] ; clk        ; clk      ; None                        ; None                      ; 2.792 ns                ;
; N/A                                     ; 336.02 MHz ( period = 2.976 ns )                    ; count0[29] ; count0[24] ; clk        ; clk      ; None                        ; None                      ; 2.792 ns                ;
; N/A                                     ; 336.02 MHz ( period = 2.976 ns )                    ; count0[29] ; count0[18] ; clk        ; clk      ; None                        ; None                      ; 2.792 ns                ;
; N/A                                     ; 336.02 MHz ( period = 2.976 ns )                    ; count0[29] ; count0[27] ; clk        ; clk      ; None                        ; None                      ; 2.792 ns                ;
; N/A                                     ; 336.02 MHz ( period = 2.976 ns )                    ; count0[29] ; count0[31] ; clk        ; clk      ; None                        ; None                      ; 2.792 ns                ;
; N/A                                     ; 336.02 MHz ( period = 2.976 ns )                    ; count0[29] ; count0[21] ; clk        ; clk      ; None                        ; None                      ; 2.792 ns                ;
; N/A                                     ; 336.02 MHz ( period = 2.976 ns )                    ; count0[29] ; count0[26] ; clk        ; clk      ; None                        ; None                      ; 2.792 ns                ;
; N/A                                     ; 336.02 MHz ( period = 2.976 ns )                    ; count0[29] ; count0[29] ; clk        ; clk      ; None                        ; None                      ; 2.792 ns                ;
; N/A                                     ; 336.02 MHz ( period = 2.976 ns )                    ; count0[29] ; count0[17] ; clk        ; clk      ; None                        ; None                      ; 2.792 ns                ;
; N/A                                     ; 336.02 MHz ( period = 2.976 ns )                    ; count0[29] ; count0[22] ; clk        ; clk      ; None                        ; None                      ; 2.792 ns                ;
; N/A                                     ; 336.02 MHz ( period = 2.976 ns )                    ; count0[29] ; count0[19] ; clk        ; clk      ; None                        ; None                      ; 2.792 ns                ;
; N/A                                     ; 336.02 MHz ( period = 2.976 ns )                    ; count0[29] ; count0[23] ; clk        ; clk      ; None                        ; None                      ; 2.792 ns                ;
; N/A                                     ; 336.02 MHz ( period = 2.976 ns )                    ; count0[29] ; count0[16] ; clk        ; clk      ; None                        ; None                      ; 2.792 ns                ;
; N/A                                     ; 336.81 MHz ( period = 2.969 ns )                    ; count0[9]  ; count0[20] ; clk        ; clk      ; None                        ; None                      ; 2.789 ns                ;
; N/A                                     ; 336.81 MHz ( period = 2.969 ns )                    ; count0[9]  ; count0[25] ; clk        ; clk      ; None                        ; None                      ; 2.789 ns                ;
; N/A                                     ; 336.81 MHz ( period = 2.969 ns )                    ; count0[9]  ; count0[30] ; clk        ; clk      ; None                        ; None                      ; 2.789 ns                ;
; N/A                                     ; 336.81 MHz ( period = 2.969 ns )                    ; count0[9]  ; count0[28] ; clk        ; clk      ; None                        ; None                      ; 2.789 ns                ;
; N/A                                     ; 336.81 MHz ( period = 2.969 ns )                    ; count0[9]  ; count0[24] ; clk        ; clk      ; None                        ; None                      ; 2.789 ns                ;
; N/A                                     ; 336.81 MHz ( period = 2.969 ns )                    ; count0[9]  ; count0[18] ; clk        ; clk      ; None                        ; None                      ; 2.789 ns                ;
; N/A                                     ; 336.81 MHz ( period = 2.969 ns )                    ; count0[9]  ; count0[27] ; clk        ; clk      ; None                        ; None                      ; 2.789 ns                ;
; N/A                                     ; 336.81 MHz ( period = 2.969 ns )                    ; count0[9]  ; count0[31] ; clk        ; clk      ; None                        ; None                      ; 2.789 ns                ;
; N/A                                     ; 336.81 MHz ( period = 2.969 ns )                    ; count0[9]  ; count0[21] ; clk        ; clk      ; None                        ; None                      ; 2.789 ns                ;
; N/A                                     ; 336.81 MHz ( period = 2.969 ns )                    ; count0[9]  ; count0[26] ; clk        ; clk      ; None                        ; None                      ; 2.789 ns                ;
; N/A                                     ; 336.81 MHz ( period = 2.969 ns )                    ; count0[9]  ; count0[29] ; clk        ; clk      ; None                        ; None                      ; 2.789 ns                ;
; N/A                                     ; 336.81 MHz ( period = 2.969 ns )                    ; count0[9]  ; count0[17] ; clk        ; clk      ; None                        ; None                      ; 2.789 ns                ;
; N/A                                     ; 336.81 MHz ( period = 2.969 ns )                    ; count0[9]  ; count0[22] ; clk        ; clk      ; None                        ; None                      ; 2.789 ns                ;
; N/A                                     ; 336.81 MHz ( period = 2.969 ns )                    ; count0[9]  ; count0[19] ; clk        ; clk      ; None                        ; None                      ; 2.789 ns                ;
; N/A                                     ; 336.81 MHz ( period = 2.969 ns )                    ; count0[9]  ; count0[23] ; clk        ; clk      ; None                        ; None                      ; 2.789 ns                ;
; N/A                                     ; 336.81 MHz ( period = 2.969 ns )                    ; count0[9]  ; count0[16] ; clk        ; clk      ; None                        ; None                      ; 2.789 ns                ;
; N/A                                     ; 338.07 MHz ( period = 2.958 ns )                    ; count0[1]  ; count0[20] ; clk        ; clk      ; None                        ; None                      ; 2.778 ns                ;
; N/A                                     ; 338.07 MHz ( period = 2.958 ns )                    ; count0[1]  ; count0[25] ; clk        ; clk      ; None                        ; None                      ; 2.778 ns                ;
; N/A                                     ; 338.07 MHz ( period = 2.958 ns )                    ; count0[1]  ; count0[30] ; clk        ; clk      ; None                        ; None                      ; 2.778 ns                ;
; N/A                                     ; 338.07 MHz ( period = 2.958 ns )                    ; count0[1]  ; count0[28] ; clk        ; clk      ; None                        ; None                      ; 2.778 ns                ;
; N/A                                     ; 338.07 MHz ( period = 2.958 ns )                    ; count0[1]  ; count0[24] ; clk        ; clk      ; None                        ; None                      ; 2.778 ns                ;
; N/A                                     ; 338.07 MHz ( period = 2.958 ns )                    ; count0[1]  ; count0[18] ; clk        ; clk      ; None                        ; None                      ; 2.778 ns                ;
; N/A                                     ; 338.07 MHz ( period = 2.958 ns )                    ; count0[1]  ; count0[27] ; clk        ; clk      ; None                        ; None                      ; 2.778 ns                ;
; N/A                                     ; 338.07 MHz ( period = 2.958 ns )                    ; count0[1]  ; count0[31] ; clk        ; clk      ; None                        ; None                      ; 2.778 ns                ;
; N/A                                     ; 338.07 MHz ( period = 2.958 ns )                    ; count0[1]  ; count0[21] ; clk        ; clk      ; None                        ; None                      ; 2.778 ns                ;
; N/A                                     ; 338.07 MHz ( period = 2.958 ns )                    ; count0[1]  ; count0[26] ; clk        ; clk      ; None                        ; None                      ; 2.778 ns                ;
; N/A                                     ; 338.07 MHz ( period = 2.958 ns )                    ; count0[1]  ; count0[29] ; clk        ; clk      ; None                        ; None                      ; 2.778 ns                ;
; N/A                                     ; 338.07 MHz ( period = 2.958 ns )                    ; count0[1]  ; count0[17] ; clk        ; clk      ; None                        ; None                      ; 2.778 ns                ;
; N/A                                     ; 338.07 MHz ( period = 2.958 ns )                    ; count0[1]  ; count0[22] ; clk        ; clk      ; None                        ; None                      ; 2.778 ns                ;
; N/A                                     ; 338.07 MHz ( period = 2.958 ns )                    ; count0[1]  ; count0[19] ; clk        ; clk      ; None                        ; None                      ; 2.778 ns                ;
; N/A                                     ; 338.07 MHz ( period = 2.958 ns )                    ; count0[1]  ; count0[23] ; clk        ; clk      ; None                        ; None                      ; 2.778 ns                ;
; N/A                                     ; 338.07 MHz ( period = 2.958 ns )                    ; count0[1]  ; count0[16] ; clk        ; clk      ; None                        ; None                      ; 2.778 ns                ;
; N/A                                     ; 346.62 MHz ( period = 2.885 ns )                    ; count0[12] ; count0[20] ; clk        ; clk      ; None                        ; None                      ; 2.705 ns                ;
; N/A                                     ; 346.62 MHz ( period = 2.885 ns )                    ; count0[12] ; count0[25] ; clk        ; clk      ; None                        ; None                      ; 2.705 ns                ;
; N/A                                     ; 346.62 MHz ( period = 2.885 ns )                    ; count0[12] ; count0[30] ; clk        ; clk      ; None                        ; None                      ; 2.705 ns                ;
; N/A                                     ; 346.62 MHz ( period = 2.885 ns )                    ; count0[12] ; count0[28] ; clk        ; clk      ; None                        ; None                      ; 2.705 ns                ;
; N/A                                     ; 346.62 MHz ( period = 2.885 ns )                    ; count0[12] ; count0[24] ; clk        ; clk      ; None                        ; None                      ; 2.705 ns                ;
; N/A                                     ; 346.62 MHz ( period = 2.885 ns )                    ; count0[12] ; count0[18] ; clk        ; clk      ; None                        ; None                      ; 2.705 ns                ;
; N/A                                     ; 346.62 MHz ( period = 2.885 ns )                    ; count0[12] ; count0[27] ; clk        ; clk      ; None                        ; None                      ; 2.705 ns                ;
; N/A                                     ; 346.62 MHz ( period = 2.885 ns )                    ; count0[12] ; count0[31] ; clk        ; clk      ; None                        ; None                      ; 2.705 ns                ;
; N/A                                     ; 346.62 MHz ( period = 2.885 ns )                    ; count0[12] ; count0[21] ; clk        ; clk      ; None                        ; None                      ; 2.705 ns                ;
; N/A                                     ; 346.62 MHz ( period = 2.885 ns )                    ; count0[12] ; count0[26] ; clk        ; clk      ; None                        ; None                      ; 2.705 ns                ;
; N/A                                     ; 346.62 MHz ( period = 2.885 ns )                    ; count0[12] ; count0[29] ; clk        ; clk      ; None                        ; None                      ; 2.705 ns                ;
; N/A                                     ; 346.62 MHz ( period = 2.885 ns )                    ; count0[12] ; count0[17] ; clk        ; clk      ; None                        ; None                      ; 2.705 ns                ;
; N/A                                     ; 346.62 MHz ( period = 2.885 ns )                    ; count0[12] ; count0[22] ; clk        ; clk      ; None                        ; None                      ; 2.705 ns                ;
; N/A                                     ; 346.62 MHz ( period = 2.885 ns )                    ; count0[12] ; count0[19] ; clk        ; clk      ; None                        ; None                      ; 2.705 ns                ;
; N/A                                     ; 346.62 MHz ( period = 2.885 ns )                    ; count0[12] ; count0[23] ; clk        ; clk      ; None                        ; None                      ; 2.705 ns                ;
; N/A                                     ; 346.62 MHz ( period = 2.885 ns )                    ; count0[12] ; count0[16] ; clk        ; clk      ; None                        ; None                      ; 2.705 ns                ;
; N/A                                     ; 346.98 MHz ( period = 2.882 ns )                    ; count0[11] ; count0[20] ; clk        ; clk      ; None                        ; None                      ; 2.702 ns                ;
; N/A                                     ; 346.98 MHz ( period = 2.882 ns )                    ; count0[11] ; count0[25] ; clk        ; clk      ; None                        ; None                      ; 2.702 ns                ;
; N/A                                     ; 346.98 MHz ( period = 2.882 ns )                    ; count0[11] ; count0[30] ; clk        ; clk      ; None                        ; None                      ; 2.702 ns                ;
; N/A                                     ; 346.98 MHz ( period = 2.882 ns )                    ; count0[11] ; count0[28] ; clk        ; clk      ; None                        ; None                      ; 2.702 ns                ;
; N/A                                     ; 346.98 MHz ( period = 2.882 ns )                    ; count0[11] ; count0[24] ; clk        ; clk      ; None                        ; None                      ; 2.702 ns                ;
; N/A                                     ; 346.98 MHz ( period = 2.882 ns )                    ; count0[11] ; count0[18] ; clk        ; clk      ; None                        ; None                      ; 2.702 ns                ;
; N/A                                     ; 346.98 MHz ( period = 2.882 ns )                    ; count0[11] ; count0[27] ; clk        ; clk      ; None                        ; None                      ; 2.702 ns                ;
; N/A                                     ; 346.98 MHz ( period = 2.882 ns )                    ; count0[11] ; count0[31] ; clk        ; clk      ; None                        ; None                      ; 2.702 ns                ;
; N/A                                     ; 346.98 MHz ( period = 2.882 ns )                    ; count0[11] ; count0[21] ; clk        ; clk      ; None                        ; None                      ; 2.702 ns                ;
; N/A                                     ; 346.98 MHz ( period = 2.882 ns )                    ; count0[11] ; count0[26] ; clk        ; clk      ; None                        ; None                      ; 2.702 ns                ;
; N/A                                     ; 346.98 MHz ( period = 2.882 ns )                    ; count0[11] ; count0[29] ; clk        ; clk      ; None                        ; None                      ; 2.702 ns                ;
; N/A                                     ; 346.98 MHz ( period = 2.882 ns )                    ; count0[11] ; count0[17] ; clk        ; clk      ; None                        ; None                      ; 2.702 ns                ;
; N/A                                     ; 346.98 MHz ( period = 2.882 ns )                    ; count0[11] ; count0[22] ; clk        ; clk      ; None                        ; None                      ; 2.702 ns                ;
; N/A                                     ; 346.98 MHz ( period = 2.882 ns )                    ; count0[11] ; count0[19] ; clk        ; clk      ; None                        ; None                      ; 2.702 ns                ;
; N/A                                     ; 346.98 MHz ( period = 2.882 ns )                    ; count0[11] ; count0[23] ; clk        ; clk      ; None                        ; None                      ; 2.702 ns                ;
; N/A                                     ; 346.98 MHz ( period = 2.882 ns )                    ; count0[11] ; count0[16] ; clk        ; clk      ; None                        ; None                      ; 2.702 ns                ;
; N/A                                     ; 347.71 MHz ( period = 2.876 ns )                    ; count0[23] ; count0[11] ; clk        ; clk      ; None                        ; None                      ; 2.688 ns                ;
; N/A                                     ; 347.71 MHz ( period = 2.876 ns )                    ; count0[23] ; count0[10] ; clk        ; clk      ; None                        ; None                      ; 2.688 ns                ;
; N/A                                     ; 347.71 MHz ( period = 2.876 ns )                    ; count0[23] ; count0[2]  ; clk        ; clk      ; None                        ; None                      ; 2.688 ns                ;
; N/A                                     ; 347.71 MHz ( period = 2.876 ns )                    ; count0[23] ; count0[13] ; clk        ; clk      ; None                        ; None                      ; 2.688 ns                ;
; N/A                                     ; 347.71 MHz ( period = 2.876 ns )                    ; count0[23] ; count0[3]  ; clk        ; clk      ; None                        ; None                      ; 2.688 ns                ;
; N/A                                     ; 347.71 MHz ( period = 2.876 ns )                    ; count0[23] ; count0[7]  ; clk        ; clk      ; None                        ; None                      ; 2.688 ns                ;
; N/A                                     ; 347.71 MHz ( period = 2.876 ns )                    ; count0[23] ; count0[8]  ; clk        ; clk      ; None                        ; None                      ; 2.688 ns                ;
; N/A                                     ; 347.71 MHz ( period = 2.876 ns )                    ; count0[23] ; count0[9]  ; clk        ; clk      ; None                        ; None                      ; 2.688 ns                ;
; N/A                                     ; 347.71 MHz ( period = 2.876 ns )                    ; count0[23] ; count0[4]  ; clk        ; clk      ; None                        ; None                      ; 2.688 ns                ;
; N/A                                     ; 347.71 MHz ( period = 2.876 ns )                    ; count0[23] ; count0[5]  ; clk        ; clk      ; None                        ; None                      ; 2.688 ns                ;
; N/A                                     ; 347.71 MHz ( period = 2.876 ns )                    ; count0[23] ; count0[15] ; clk        ; clk      ; None                        ; None                      ; 2.688 ns                ;
; N/A                                     ; 347.71 MHz ( period = 2.876 ns )                    ; count0[23] ; count0[1]  ; clk        ; clk      ; None                        ; None                      ; 2.688 ns                ;
; N/A                                     ; 347.71 MHz ( period = 2.876 ns )                    ; count0[23] ; count0[12] ; clk        ; clk      ; None                        ; None                      ; 2.688 ns                ;
; N/A                                     ; 347.71 MHz ( period = 2.876 ns )                    ; count0[23] ; count0[14] ; clk        ; clk      ; None                        ; None                      ; 2.688 ns                ;
; N/A                                     ; 347.71 MHz ( period = 2.876 ns )                    ; count0[23] ; count0[6]  ; clk        ; clk      ; None                        ; None                      ; 2.688 ns                ;
; N/A                                     ; 347.71 MHz ( period = 2.876 ns )                    ; count0[23] ; count0[0]  ; clk        ; clk      ; None                        ; None                      ; 2.688 ns                ;
; N/A                                     ; 351.00 MHz ( period = 2.849 ns )                    ; count0[17] ; count0[20] ; clk        ; clk      ; None                        ; None                      ; 2.665 ns                ;
; N/A                                     ; 351.00 MHz ( period = 2.849 ns )                    ; count0[17] ; count0[25] ; clk        ; clk      ; None                        ; None                      ; 2.665 ns                ;
; N/A                                     ; 351.00 MHz ( period = 2.849 ns )                    ; count0[17] ; count0[30] ; clk        ; clk      ; None                        ; None                      ; 2.665 ns                ;
; N/A                                     ; 351.00 MHz ( period = 2.849 ns )                    ; count0[17] ; count0[28] ; clk        ; clk      ; None                        ; None                      ; 2.665 ns                ;
; N/A                                     ; 351.00 MHz ( period = 2.849 ns )                    ; count0[17] ; count0[24] ; clk        ; clk      ; None                        ; None                      ; 2.665 ns                ;
; N/A                                     ; 351.00 MHz ( period = 2.849 ns )                    ; count0[17] ; count0[18] ; clk        ; clk      ; None                        ; None                      ; 2.665 ns                ;
; N/A                                     ; 351.00 MHz ( period = 2.849 ns )                    ; count0[17] ; count0[27] ; clk        ; clk      ; None                        ; None                      ; 2.665 ns                ;
; N/A                                     ; 351.00 MHz ( period = 2.849 ns )                    ; count0[17] ; count0[31] ; clk        ; clk      ; None                        ; None                      ; 2.665 ns                ;
; N/A                                     ; 351.00 MHz ( period = 2.849 ns )                    ; count0[17] ; count0[21] ; clk        ; clk      ; None                        ; None                      ; 2.665 ns                ;
; N/A                                     ; 351.00 MHz ( period = 2.849 ns )                    ; count0[17] ; count0[26] ; clk        ; clk      ; None                        ; None                      ; 2.665 ns                ;
; N/A                                     ; 351.00 MHz ( period = 2.849 ns )                    ; count0[17] ; count0[29] ; clk        ; clk      ; None                        ; None                      ; 2.665 ns                ;
; N/A                                     ; 351.00 MHz ( period = 2.849 ns )                    ; count0[17] ; count0[17] ; clk        ; clk      ; None                        ; None                      ; 2.665 ns                ;
; N/A                                     ; 351.00 MHz ( period = 2.849 ns )                    ; count0[17] ; count0[22] ; clk        ; clk      ; None                        ; None                      ; 2.665 ns                ;
; N/A                                     ; 351.00 MHz ( period = 2.849 ns )                    ; count0[17] ; count0[19] ; clk        ; clk      ; None                        ; None                      ; 2.665 ns                ;
; N/A                                     ; 351.00 MHz ( period = 2.849 ns )                    ; count0[17] ; count0[23] ; clk        ; clk      ; None                        ; None                      ; 2.665 ns                ;
; N/A                                     ; 351.00 MHz ( period = 2.849 ns )                    ; count0[17] ; count0[16] ; clk        ; clk      ; None                        ; None                      ; 2.665 ns                ;
; N/A                                     ; 353.36 MHz ( period = 2.830 ns )                    ; count0[5]  ; count0[20] ; clk        ; clk      ; None                        ; None                      ; 2.650 ns                ;
; N/A                                     ; 353.36 MHz ( period = 2.830 ns )                    ; count0[5]  ; count0[25] ; clk        ; clk      ; None                        ; None                      ; 2.650 ns                ;
; N/A                                     ; 353.36 MHz ( period = 2.830 ns )                    ; count0[5]  ; count0[30] ; clk        ; clk      ; None                        ; None                      ; 2.650 ns                ;
; N/A                                     ; 353.36 MHz ( period = 2.830 ns )                    ; count0[5]  ; count0[28] ; clk        ; clk      ; None                        ; None                      ; 2.650 ns                ;
; N/A                                     ; 353.36 MHz ( period = 2.830 ns )                    ; count0[5]  ; count0[24] ; clk        ; clk      ; None                        ; None                      ; 2.650 ns                ;
; N/A                                     ; 353.36 MHz ( period = 2.830 ns )                    ; count0[5]  ; count0[18] ; clk        ; clk      ; None                        ; None                      ; 2.650 ns                ;
; N/A                                     ; 353.36 MHz ( period = 2.830 ns )                    ; count0[5]  ; count0[27] ; clk        ; clk      ; None                        ; None                      ; 2.650 ns                ;
; N/A                                     ; 353.36 MHz ( period = 2.830 ns )                    ; count0[5]  ; count0[31] ; clk        ; clk      ; None                        ; None                      ; 2.650 ns                ;
; N/A                                     ; 353.36 MHz ( period = 2.830 ns )                    ; count0[5]  ; count0[21] ; clk        ; clk      ; None                        ; None                      ; 2.650 ns                ;
; N/A                                     ; 353.36 MHz ( period = 2.830 ns )                    ; count0[5]  ; count0[26] ; clk        ; clk      ; None                        ; None                      ; 2.650 ns                ;
; N/A                                     ; 353.36 MHz ( period = 2.830 ns )                    ; count0[5]  ; count0[29] ; clk        ; clk      ; None                        ; None                      ; 2.650 ns                ;
; N/A                                     ; 353.36 MHz ( period = 2.830 ns )                    ; count0[5]  ; count0[17] ; clk        ; clk      ; None                        ; None                      ; 2.650 ns                ;
; N/A                                     ; 353.36 MHz ( period = 2.830 ns )                    ; count0[5]  ; count0[22] ; clk        ; clk      ; None                        ; None                      ; 2.650 ns                ;
; N/A                                     ; 353.36 MHz ( period = 2.830 ns )                    ; count0[5]  ; count0[19] ; clk        ; clk      ; None                        ; None                      ; 2.650 ns                ;
; N/A                                     ; 353.36 MHz ( period = 2.830 ns )                    ; count0[5]  ; count0[23] ; clk        ; clk      ; None                        ; None                      ; 2.650 ns                ;
; N/A                                     ; 353.36 MHz ( period = 2.830 ns )                    ; count0[5]  ; count0[16] ; clk        ; clk      ; None                        ; None                      ; 2.650 ns                ;
; N/A                                     ; 355.62 MHz ( period = 2.812 ns )                    ; count0[19] ; count0[11] ; clk        ; clk      ; None                        ; None                      ; 2.624 ns                ;
; N/A                                     ; 355.62 MHz ( period = 2.812 ns )                    ; count0[19] ; count0[10] ; clk        ; clk      ; None                        ; None                      ; 2.624 ns                ;
; N/A                                     ; 355.62 MHz ( period = 2.812 ns )                    ; count0[19] ; count0[2]  ; clk        ; clk      ; None                        ; None                      ; 2.624 ns                ;
; N/A                                     ; 355.62 MHz ( period = 2.812 ns )                    ; count0[19] ; count0[13] ; clk        ; clk      ; None                        ; None                      ; 2.624 ns                ;
; N/A                                     ; 355.62 MHz ( period = 2.812 ns )                    ; count0[19] ; count0[3]  ; clk        ; clk      ; None                        ; None                      ; 2.624 ns                ;
; N/A                                     ; 355.62 MHz ( period = 2.812 ns )                    ; count0[19] ; count0[7]  ; clk        ; clk      ; None                        ; None                      ; 2.624 ns                ;
; N/A                                     ; 355.62 MHz ( period = 2.812 ns )                    ; count0[19] ; count0[8]  ; clk        ; clk      ; None                        ; None                      ; 2.624 ns                ;
; N/A                                     ; 355.62 MHz ( period = 2.812 ns )                    ; count0[19] ; count0[9]  ; clk        ; clk      ; None                        ; None                      ; 2.624 ns                ;
; N/A                                     ; 355.62 MHz ( period = 2.812 ns )                    ; count0[19] ; count0[4]  ; clk        ; clk      ; None                        ; None                      ; 2.624 ns                ;
; N/A                                     ; 355.62 MHz ( period = 2.812 ns )                    ; count0[19] ; count0[5]  ; clk        ; clk      ; None                        ; None                      ; 2.624 ns                ;
; N/A                                     ; 355.62 MHz ( period = 2.812 ns )                    ; count0[19] ; count0[15] ; clk        ; clk      ; None                        ; None                      ; 2.624 ns                ;
; N/A                                     ; 355.62 MHz ( period = 2.812 ns )                    ; count0[19] ; count0[1]  ; clk        ; clk      ; None                        ; None                      ; 2.624 ns                ;
; N/A                                     ; 355.62 MHz ( period = 2.812 ns )                    ; count0[19] ; count0[12] ; clk        ; clk      ; None                        ; None                      ; 2.624 ns                ;
; N/A                                     ; 355.62 MHz ( period = 2.812 ns )                    ; count0[19] ; count0[14] ; clk        ; clk      ; None                        ; None                      ; 2.624 ns                ;
; N/A                                     ; 355.62 MHz ( period = 2.812 ns )                    ; count0[19] ; count0[6]  ; clk        ; clk      ; None                        ; None                      ; 2.624 ns                ;
; N/A                                     ; 355.62 MHz ( period = 2.812 ns )                    ; count0[19] ; count0[0]  ; clk        ; clk      ; None                        ; None                      ; 2.624 ns                ;
; N/A                                     ; 356.89 MHz ( period = 2.802 ns )                    ; count0[0]  ; count0[20] ; clk        ; clk      ; None                        ; None                      ; 2.622 ns                ;
; N/A                                     ; 356.89 MHz ( period = 2.802 ns )                    ; count0[0]  ; count0[25] ; clk        ; clk      ; None                        ; None                      ; 2.622 ns                ;
; N/A                                     ; 356.89 MHz ( period = 2.802 ns )                    ; count0[0]  ; count0[30] ; clk        ; clk      ; None                        ; None                      ; 2.622 ns                ;
; N/A                                     ; 356.89 MHz ( period = 2.802 ns )                    ; count0[0]  ; count0[28] ; clk        ; clk      ; None                        ; None                      ; 2.622 ns                ;
; N/A                                     ; 356.89 MHz ( period = 2.802 ns )                    ; count0[0]  ; count0[24] ; clk        ; clk      ; None                        ; None                      ; 2.622 ns                ;
; N/A                                     ; 356.89 MHz ( period = 2.802 ns )                    ; count0[0]  ; count0[18] ; clk        ; clk      ; None                        ; None                      ; 2.622 ns                ;
; N/A                                     ; 356.89 MHz ( period = 2.802 ns )                    ; count0[0]  ; count0[27] ; clk        ; clk      ; None                        ; None                      ; 2.622 ns                ;
; N/A                                     ; 356.89 MHz ( period = 2.802 ns )                    ; count0[0]  ; count0[31] ; clk        ; clk      ; None                        ; None                      ; 2.622 ns                ;
; N/A                                     ; 356.89 MHz ( period = 2.802 ns )                    ; count0[0]  ; count0[21] ; clk        ; clk      ; None                        ; None                      ; 2.622 ns                ;
; N/A                                     ; 356.89 MHz ( period = 2.802 ns )                    ; count0[0]  ; count0[26] ; clk        ; clk      ; None                        ; None                      ; 2.622 ns                ;
; N/A                                     ; 356.89 MHz ( period = 2.802 ns )                    ; count0[0]  ; count0[29] ; clk        ; clk      ; None                        ; None                      ; 2.622 ns                ;
; N/A                                     ; 356.89 MHz ( period = 2.802 ns )                    ; count0[0]  ; count0[17] ; clk        ; clk      ; None                        ; None                      ; 2.622 ns                ;
; N/A                                     ; 356.89 MHz ( period = 2.802 ns )                    ; count0[0]  ; count0[22] ; clk        ; clk      ; None                        ; None                      ; 2.622 ns                ;
; N/A                                     ; 356.89 MHz ( period = 2.802 ns )                    ; count0[0]  ; count0[19] ; clk        ; clk      ; None                        ; None                      ; 2.622 ns                ;
; N/A                                     ; 356.89 MHz ( period = 2.802 ns )                    ; count0[0]  ; count0[23] ; clk        ; clk      ; None                        ; None                      ; 2.622 ns                ;
; N/A                                     ; 356.89 MHz ( period = 2.802 ns )                    ; count0[0]  ; count0[16] ; clk        ; clk      ; None                        ; None                      ; 2.622 ns                ;
; N/A                                     ; 358.42 MHz ( period = 2.790 ns )                    ; count0[14] ; count0[31] ; clk        ; clk      ; None                        ; None                      ; 2.610 ns                ;
; N/A                                     ; 358.42 MHz ( period = 2.790 ns )                    ; count0[14] ; count0[21] ; clk        ; clk      ; None                        ; None                      ; 2.610 ns                ;
; N/A                                     ; 358.42 MHz ( period = 2.790 ns )                    ; count0[14] ; count0[26] ; clk        ; clk      ; None                        ; None                      ; 2.610 ns                ;
; N/A                                     ; 358.42 MHz ( period = 2.790 ns )                    ; count0[14] ; count0[29] ; clk        ; clk      ; None                        ; None                      ; 2.610 ns                ;
; N/A                                     ; 358.42 MHz ( period = 2.790 ns )                    ; count0[14] ; count0[17] ; clk        ; clk      ; None                        ; None                      ; 2.610 ns                ;
; N/A                                     ; 358.42 MHz ( period = 2.790 ns )                    ; count0[14] ; count0[22] ; clk        ; clk      ; None                        ; None                      ; 2.610 ns                ;
; N/A                                     ; 358.42 MHz ( period = 2.790 ns )                    ; count0[14] ; count0[19] ; clk        ; clk      ; None                        ; None                      ; 2.610 ns                ;
; N/A                                     ; 358.42 MHz ( period = 2.790 ns )                    ; count0[14] ; count0[23] ; clk        ; clk      ; None                        ; None                      ; 2.610 ns                ;
; Timing analysis restricted to 200 rows. ; To change the limit use Settings (Assignments menu) ;            ;            ;            ;          ;                             ;                           ;                         ;
+-----------------------------------------+-----------------------------------------------------+------------+------------+------------+----------+-----------------------------+---------------------------+-------------------------+


+---------------------------------------------------------------------+
; tsu                                                                 ;
+-------+--------------+------------+--------+-------------+----------+
; Slack ; Required tsu ; Actual tsu ; From   ; To          ; To Clock ;
+-------+--------------+------------+--------+-------------+----------+
; N/A   ; None         ; 3.893 ns   ; codein ; count0[20]  ; clk      ;
; N/A   ; None         ; 3.893 ns   ; codein ; count0[25]  ; clk      ;
; N/A   ; None         ; 3.893 ns   ; codein ; count0[30]  ; clk      ;
; N/A   ; None         ; 3.893 ns   ; codein ; count0[28]  ; clk      ;
; N/A   ; None         ; 3.893 ns   ; codein ; count0[24]  ; clk      ;
; N/A   ; None         ; 3.893 ns   ; codein ; count0[18]  ; clk      ;
; N/A   ; None         ; 3.893 ns   ; codein ; count0[27]  ; clk      ;
; N/A   ; None         ; 3.893 ns   ; codein ; count0[31]  ; clk      ;
; N/A   ; None         ; 3.893 ns   ; codein ; count0[21]  ; clk      ;
; N/A   ; None         ; 3.893 ns   ; codein ; count0[26]  ; clk      ;
; N/A   ; None         ; 3.893 ns   ; codein ; count0[29]  ; clk      ;
; N/A   ; None         ; 3.893 ns   ; codein ; count0[17]  ; clk      ;
; N/A   ; None         ; 3.893 ns   ; codein ; count0[22]  ; clk      ;
; N/A   ; None         ; 3.893 ns   ; codein ; count0[19]  ; clk      ;
; N/A   ; None         ; 3.893 ns   ; codein ; count0[23]  ; clk      ;
; N/A   ; None         ; 3.893 ns   ; codein ; count0[16]  ; clk      ;
; N/A   ; None         ; 3.627 ns   ; codein ; count0[11]  ; clk      ;
; N/A   ; None         ; 3.627 ns   ; codein ; count0[10]  ; clk      ;
; N/A   ; None         ; 3.627 ns   ; codein ; count0[2]   ; clk      ;
; N/A   ; None         ; 3.627 ns   ; codein ; count0[13]  ; clk      ;
; N/A   ; None         ; 3.627 ns   ; codein ; count0[3]   ; clk      ;
; N/A   ; None         ; 3.627 ns   ; codein ; count0[7]   ; clk      ;
; N/A   ; None         ; 3.627 ns   ; codein ; count0[8]   ; clk      ;
; N/A   ; None         ; 3.627 ns   ; codein ; count0[9]   ; clk      ;
; N/A   ; None         ; 3.627 ns   ; codein ; count0[4]   ; clk      ;
; N/A   ; None         ; 3.627 ns   ; codein ; count0[5]   ; clk      ;
; N/A   ; None         ; 3.627 ns   ; codein ; count0[15]  ; clk      ;
; N/A   ; None         ; 3.627 ns   ; codein ; count0[1]   ; clk      ;
; N/A   ; None         ; 3.627 ns   ; codein ; count0[12]  ; clk      ;
; N/A   ; None         ; 3.627 ns   ; codein ; count0[14]  ; clk      ;
; N/A   ; None         ; 3.627 ns   ; codein ; count0[6]   ; clk      ;
; N/A   ; None         ; 3.627 ns   ; codein ; count0[0]   ; clk      ;
; N/A   ; None         ; 3.558 ns   ; clr    ; count0[11]  ; clk      ;
; N/A   ; None         ; 3.558 ns   ; clr    ; count0[10]  ; clk      ;
; N/A   ; None         ; 3.558 ns   ; clr    ; count0[2]   ; clk      ;
; N/A   ; None         ; 3.558 ns   ; clr    ; count0[13]  ; clk      ;
; N/A   ; None         ; 3.558 ns   ; clr    ; count0[3]   ; clk      ;
; N/A   ; None         ; 3.558 ns   ; clr    ; count0[7]   ; clk      ;
; N/A   ; None         ; 3.558 ns   ; clr    ; count0[8]   ; clk      ;
; N/A   ; None         ; 3.558 ns   ; clr    ; count0[9]   ; clk      ;
; N/A   ; None         ; 3.558 ns   ; clr    ; count0[4]   ; clk      ;
; N/A   ; None         ; 3.558 ns   ; clr    ; count0[5]   ; clk      ;
; N/A   ; None         ; 3.558 ns   ; clr    ; count0[15]  ; clk      ;
; N/A   ; None         ; 3.558 ns   ; clr    ; count0[1]   ; clk      ;
; N/A   ; None         ; 3.558 ns   ; clr    ; count0[12]  ; clk      ;
; N/A   ; None         ; 3.558 ns   ; clr    ; count0[14]  ; clk      ;
; N/A   ; None         ; 3.558 ns   ; clr    ; count0[6]   ; clk      ;
; N/A   ; None         ; 3.558 ns   ; clr    ; count0[0]   ; clk      ;
; N/A   ; None         ; 3.529 ns   ; clr    ; count0[20]  ; clk      ;
; N/A   ; None         ; 3.529 ns   ; clr    ; count0[25]  ; clk      ;
; N/A   ; None         ; 3.529 ns   ; clr    ; count0[30]  ; clk      ;
; N/A   ; None         ; 3.529 ns   ; clr    ; count0[28]  ; clk      ;
; N/A   ; None         ; 3.529 ns   ; clr    ; count0[24]  ; clk      ;
; N/A   ; None         ; 3.529 ns   ; clr    ; count0[18]  ; clk      ;
; N/A   ; None         ; 3.529 ns   ; clr    ; count0[27]  ; clk      ;
; N/A   ; None         ; 3.529 ns   ; clr    ; count0[31]  ; clk      ;
; N/A   ; None         ; 3.529 ns   ; clr    ; count0[21]  ; clk      ;
; N/A   ; None         ; 3.529 ns   ; clr    ; count0[26]  ; clk      ;
; N/A   ; None         ; 3.529 ns   ; clr    ; count0[29]  ; clk      ;
; N/A   ; None         ; 3.529 ns   ; clr    ; count0[17]  ; clk      ;
; N/A   ; None         ; 3.529 ns   ; clr    ; count0[22]  ; clk      ;
; N/A   ; None         ; 3.529 ns   ; clr    ; count0[19]  ; clk      ;
; N/A   ; None         ; 3.529 ns   ; clr    ; count0[23]  ; clk      ;
; N/A   ; None         ; 3.529 ns   ; clr    ; count0[16]  ; clk      ;
; N/A   ; None         ; 3.378 ns   ; clr    ; codeoutv[1] ; clk      ;
; N/A   ; None         ; 3.378 ns   ; clr    ; codeoutv[0] ; clk      ;
; N/A   ; None         ; 3.078 ns   ; codein ; codeoutv[1] ; clk      ;
; N/A   ; None         ; 3.067 ns   ; codein ; codeoutv[0] ; clk      ;
+-------+--------------+------------+--------+-------------+----------+


+-------------------------------------------------------------------------------+
; tco                                                                           ;
+-------+--------------+------------+-----------------+------------+------------+
; Slack ; Required tco ; Actual tco ; From            ; To         ; From Clock ;
+-------+--------------+------------+-----------------+------------+------------+
; N/A   ; None         ; 6.191 ns   ; codeout[0]~reg0 ; codeout[0] ; clk        ;
; N/A   ; None         ; 5.337 ns   ; codeout[1]~reg0 ; codeout[1] ; clk        ;
+-------+--------------+------------+-----------------+------------+------------+


+---------------------------------------------------------------------------+
; th                                                                        ;
+---------------+-------------+-----------+--------+-------------+----------+
; Minimum Slack ; Required th ; Actual th ; From   ; To          ; To Clock ;
+---------------+-------------+-----------+--------+-------------+----------+
; N/A           ; None        ; -2.828 ns ; codein ; codeoutv[0] ; clk      ;
; N/A           ; None        ; -2.839 ns ; codein ; codeoutv[1] ; clk      ;
; N/A           ; None        ; -3.139 ns ; clr    ; codeoutv[1] ; clk      ;
; N/A           ; None        ; -3.139 ns ; clr    ; codeoutv[0] ; clk      ;
; N/A           ; None        ; -3.290 ns ; clr    ; count0[20]  ; clk      ;
; N/A           ; None        ; -3.290 ns ; clr    ; count0[25]  ; clk      ;
; N/A           ; None        ; -3.290 ns ; clr    ; count0[30]  ; clk      ;
; N/A           ; None        ; -3.290 ns ; clr    ; count0[28]  ; clk      ;
; N/A           ; None        ; -3.290 ns ; clr    ; count0[24]  ; clk      ;
; N/A           ; None        ; -3.290 ns ; clr    ; count0[18]  ; clk      ;
; N/A           ; None        ; -3.290 ns ; clr    ; count0[27]  ; clk      ;
; N/A           ; None        ; -3.290 ns ; clr    ; count0[31]  ; clk      ;
; N/A           ; None        ; -3.290 ns ; clr    ; count0[21]  ; clk      ;
; N/A           ; None        ; -3.290 ns ; clr    ; count0[26]  ; clk      ;
; N/A           ; None        ; -3.290 ns ; clr    ; count0[29]  ; clk      ;
; N/A           ; None        ; -3.290 ns ; clr    ; count0[17]  ; clk      ;
; N/A           ; None        ; -3.290 ns ; clr    ; count0[22]  ; clk      ;
; N/A           ; None        ; -3.290 ns ; clr    ; count0[19]  ; clk      ;
; N/A           ; None        ; -3.290 ns ; clr    ; count0[23]  ; clk      ;
; N/A           ; None        ; -3.290 ns ; clr    ; count0[16]  ; clk      ;
; N/A           ; None        ; -3.319 ns ; clr    ; count0[11]  ; clk      ;
; N/A           ; None        ; -3.319 ns ; clr    ; count0[10]  ; clk      ;
; N/A           ; None        ; -3.319 ns ; clr    ; count0[2]   ; clk      ;
; N/A           ; None        ; -3.319 ns ; clr    ; count0[13]  ; clk      ;
; N/A           ; None        ; -3.319 ns ; clr    ; count0[3]   ; clk      ;
; N/A           ; None        ; -3.319 ns ; clr    ; count0[7]   ; clk      ;
; N/A           ; None        ; -3.319 ns ; clr    ; count0[8]   ; clk      ;
; N/A           ; None        ; -3.319 ns ; clr    ; count0[9]   ; clk      ;
; N/A           ; None        ; -3.319 ns ; clr    ; count0[4]   ; clk      ;
; N/A           ; None        ; -3.319 ns ; clr    ; count0[5]   ; clk      ;
; N/A           ; None        ; -3.319 ns ; clr    ; count0[15]  ; clk      ;
; N/A           ; None        ; -3.319 ns ; clr    ; count0[1]   ; clk      ;
; N/A           ; None        ; -3.319 ns ; clr    ; count0[12]  ; clk      ;
; N/A           ; None        ; -3.319 ns ; clr    ; count0[14]  ; clk      ;
; N/A           ; None        ; -3.319 ns ; clr    ; count0[6]   ; clk      ;
; N/A           ; None        ; -3.319 ns ; clr    ; count0[0]   ; clk      ;
; N/A           ; None        ; -3.388 ns ; codein ; count0[11]  ; clk      ;
; N/A           ; None        ; -3.388 ns ; codein ; count0[10]  ; clk      ;
; N/A           ; None        ; -3.388 ns ; codein ; count0[2]   ; clk      ;
; N/A           ; None        ; -3.388 ns ; codein ; count0[13]  ; clk      ;
; N/A           ; None        ; -3.388 ns ; codein ; count0[3]   ; clk      ;
; N/A           ; None        ; -3.388 ns ; codein ; count0[7]   ; clk      ;
; N/A           ; None        ; -3.388 ns ; codein ; count0[8]   ; clk      ;
; N/A           ; None        ; -3.388 ns ; codein ; count0[9]   ; clk      ;
; N/A           ; None        ; -3.388 ns ; codein ; count0[4]   ; clk      ;
; N/A           ; None        ; -3.388 ns ; codein ; count0[5]   ; clk      ;
; N/A           ; None        ; -3.388 ns ; codein ; count0[15]  ; clk      ;
; N/A           ; None        ; -3.388 ns ; codein ; count0[1]   ; clk      ;
; N/A           ; None        ; -3.388 ns ; codein ; count0[12]  ; clk      ;
; N/A           ; None        ; -3.388 ns ; codein ; count0[14]  ; clk      ;
; N/A           ; None        ; -3.388 ns ; codein ; count0[6]   ; clk      ;
; N/A           ; None        ; -3.388 ns ; codein ; count0[0]   ; clk      ;
; N/A           ; None        ; -3.654 ns ; codein ; count0[20]  ; clk      ;
; N/A           ; None        ; -3.654 ns ; codein ; count0[25]  ; clk      ;
; N/A           ; None        ; -3.654 ns ; codein ; count0[30]  ; clk      ;
; N/A           ; None        ; -3.654 ns ; codein ; count0[28]  ; clk      ;
; N/A           ; None        ; -3.654 ns ; codein ; count0[24]  ; clk      ;
; N/A           ; None        ; -3.654 ns ; codein ; count0[18]  ; clk      ;
; N/A           ; None        ; -3.654 ns ; codein ; count0[27]  ; clk      ;
; N/A           ; None        ; -3.654 ns ; codein ; count0[31]  ; clk      ;
; N/A           ; None        ; -3.654 ns ; codein ; count0[21]  ; clk      ;
; N/A           ; None        ; -3.654 ns ; codein ; count0[26]  ; clk      ;
; N/A           ; None        ; -3.654 ns ; codein ; count0[29]  ; clk      ;
; N/A           ; None        ; -3.654 ns ; codein ; count0[17]  ; clk      ;
; N/A           ; None        ; -3.654 ns ; codein ; count0[22]  ; clk      ;
; N/A           ; None        ; -3.654 ns ; codein ; count0[19]  ; clk      ;
; N/A           ; None        ; -3.654 ns ; codein ; count0[23]  ; clk      ;
; N/A           ; None        ; -3.654 ns ; codein ; count0[16]  ; clk      ;
+---------------+-------------+-----------+--------+-------------+----------+


+--------------------------+
; Timing Analyzer Messages ;
+--------------------------+
Info: *******************************************************************
Info: Running Quartus II Classic Timing Analyzer
    Info: Version 9.0 Build 235 06/17/2009 Service Pack 2 SJ Web Edition
    Info: Processing started: Wed Jun 30 10:51:32 2021
Info: Command: quartus_tan --read_settings_files=off --write_settings_files=off HDB3 -c HDB3 --timing_analysis_only
Warning: Found pins functioning as undefined clocks and/or memory enables
    Info: Assuming node "clk" is an undefined clock
Info: Clock "clk" has Internal fmax of 318.27 MHz between source register "count0[23]" and destination register "count0[20]" (period= 3.142 ns)
    Info: + Longest register to register delay is 2.958 ns
        Info: 1: + IC(0.000 ns) + CELL(0.000 ns) = 0.000 ns; Loc. = LCFF_X34_Y16_N15; Fanout = 3; REG Node = 'count0[23]'
        Info: 2: + IC(0.731 ns) + CELL(0.053 ns) = 0.784 ns; Loc. = LCCOMB_X35_Y17_N28; Fanout = 1; COMB Node = 'Equal0~3'
        Info: 3: + IC(0.213 ns) + CELL(0.225 ns) = 1.222 ns; Loc. = LCCOMB_X35_Y17_N20; Fanout = 1; COMB Node = 'Equal0~5'
        Info: 4: + IC(0.257 ns) + CELL(0.228 ns) = 1.707 ns; Loc. = LCCOMB_X35_Y17_N0; Fanout = 2; COMB Node = 'Equal0~6'
        Info: 5: + IC(0.214 ns) + CELL(0.053 ns) = 1.974 ns; Loc. = LCCOMB_X35_Y17_N26; Fanout = 33; COMB Node = 'codeoutv~2'
        Info: 6: + IC(0.587 ns) + CELL(0.397 ns) = 2.958 ns; Loc. = LCFF_X34_Y16_N9; Fanout = 4; REG Node = 'count0[20]'
        Info: Total cell delay = 0.956 ns ( 32.32 % )
        Info: Total interconnect delay = 2.002 ns ( 67.68 % )
    Info: - Smallest clock skew is 0.000 ns
        Info: + Shortest clock path from clock "clk" to destination register is 2.484 ns
            Info: 1: + IC(0.000 ns) + CELL(0.854 ns) = 0.854 ns; Loc. = PIN_N20; Fanout = 1; CLK Node = 'clk'
            Info: 2: + IC(0.343 ns) + CELL(0.000 ns) = 1.197 ns; Loc. = CLKCTRL_G3; Fanout = 47; COMB Node = 'clk~clkctrl'
            Info: 3: + IC(0.669 ns) + CELL(0.618 ns) = 2.484 ns; Loc. = LCFF_X34_Y16_N9; Fanout = 4; REG Node = 'count0[20]'
            Info: Total cell delay = 1.472 ns ( 59.26 % )
            Info: Total interconnect delay = 1.012 ns ( 40.74 % )
        Info: - Longest clock path from clock "clk" to source register is 2.484 ns
            Info: 1: + IC(0.000 ns) + CELL(0.854 ns) = 0.854 ns; Loc. = PIN_N20; Fanout = 1; CLK Node = 'clk'
            Info: 2: + IC(0.343 ns) + CELL(0.000 ns) = 1.197 ns; Loc. = CLKCTRL_G3; Fanout = 47; COMB Node = 'clk~clkctrl'
            Info: 3: + IC(0.669 ns) + CELL(0.618 ns) = 2.484 ns; Loc. = LCFF_X34_Y16_N15; Fanout = 3; REG Node = 'count0[23]'
            Info: Total cell delay = 1.472 ns ( 59.26 % )
            Info: Total interconnect delay = 1.012 ns ( 40.74 % )
    Info: + Micro clock to output delay of source is 0.094 ns
    Info: + Micro setup delay of destination is 0.090 ns
Info: tsu for register "count0[20]" (data pin = "codein", clock pin = "clk") is 3.893 ns
    Info: + Longest pin to register delay is 6.287 ns
        Info: 1: + IC(0.000 ns) + CELL(0.827 ns) = 0.827 ns; Loc. = PIN_F8; Fanout = 2; PIN Node = 'codein'
        Info: 2: + IC(4.110 ns) + CELL(0.366 ns) = 5.303 ns; Loc. = LCCOMB_X35_Y17_N26; Fanout = 33; COMB Node = 'codeoutv~2'
        Info: 3: + IC(0.587 ns) + CELL(0.397 ns) = 6.287 ns; Loc. = LCFF_X34_Y16_N9; Fanout = 4; REG Node = 'count0[20]'
        Info: Total cell delay = 1.590 ns ( 25.29 % )
        Info: Total interconnect delay = 4.697 ns ( 74.71 % )
    Info: + Micro setup delay of destination is 0.090 ns
    Info: - Shortest clock path from clock "clk" to destination register is 2.484 ns
        Info: 1: + IC(0.000 ns) + CELL(0.854 ns) = 0.854 ns; Loc. = PIN_N20; Fanout = 1; CLK Node = 'clk'
        Info: 2: + IC(0.343 ns) + CELL(0.000 ns) = 1.197 ns; Loc. = CLKCTRL_G3; Fanout = 47; COMB Node = 'clk~clkctrl'
        Info: 3: + IC(0.669 ns) + CELL(0.618 ns) = 2.484 ns; Loc. = LCFF_X34_Y16_N9; Fanout = 4; REG Node = 'count0[20]'
        Info: Total cell delay = 1.472 ns ( 59.26 % )
        Info: Total interconnect delay = 1.012 ns ( 40.74 % )
Info: tco from clock "clk" to destination pin "codeout[0]" through register "codeout[0]~reg0" is 6.191 ns
    Info: + Longest clock path from clock "clk" to source register is 2.481 ns
        Info: 1: + IC(0.000 ns) + CELL(0.854 ns) = 0.854 ns; Loc. = PIN_N20; Fanout = 1; CLK Node = 'clk'
        Info: 2: + IC(0.343 ns) + CELL(0.000 ns) = 1.197 ns; Loc. = CLKCTRL_G3; Fanout = 47; COMB Node = 'clk~clkctrl'
        Info: 3: + IC(0.666 ns) + CELL(0.618 ns) = 2.481 ns; Loc. = LCFF_X35_Y17_N19; Fanout = 1; REG Node = 'codeout[0]~reg0'
        Info: Total cell delay = 1.472 ns ( 59.33 % )
        Info: Total interconnect delay = 1.009 ns ( 40.67 % )
    Info: + Micro clock to output delay of source is 0.094 ns
    Info: + Longest register to pin delay is 3.616 ns
        Info: 1: + IC(0.000 ns) + CELL(0.000 ns) = 0.000 ns; Loc. = LCFF_X35_Y17_N19; Fanout = 1; REG Node = 'codeout[0]~reg0'
        Info: 2: + IC(1.674 ns) + CELL(1.942 ns) = 3.616 ns; Loc. = PIN_U8; Fanout = 0; PIN Node = 'codeout[0]'
        Info: Total cell delay = 1.942 ns ( 53.71 % )
        Info: Total interconnect delay = 1.674 ns ( 46.29 % )
Info: th for register "codeoutv[0]" (data pin = "codein", clock pin = "clk") is -2.828 ns
    Info: + Longest clock path from clock "clk" to destination register is 2.481 ns
        Info: 1: + IC(0.000 ns) + CELL(0.854 ns) = 0.854 ns; Loc. = PIN_N20; Fanout = 1; CLK Node = 'clk'
        Info: 2: + IC(0.343 ns) + CELL(0.000 ns) = 1.197 ns; Loc. = CLKCTRL_G3; Fanout = 47; COMB Node = 'clk~clkctrl'
        Info: 3: + IC(0.666 ns) + CELL(0.618 ns) = 2.481 ns; Loc. = LCFF_X35_Y17_N27; Fanout = 5; REG Node = 'codeoutv[0]'
        Info: Total cell delay = 1.472 ns ( 59.33 % )
        Info: Total interconnect delay = 1.009 ns ( 40.67 % )
    Info: + Micro hold delay of destination is 0.149 ns
    Info: - Shortest pin to register delay is 5.458 ns
        Info: 1: + IC(0.000 ns) + CELL(0.827 ns) = 0.827 ns; Loc. = PIN_F8; Fanout = 2; PIN Node = 'codein'
        Info: 2: + IC(4.110 ns) + CELL(0.366 ns) = 5.303 ns; Loc. = LCCOMB_X35_Y17_N26; Fanout = 33; COMB Node = 'codeoutv~2'
        Info: 3: + IC(0.000 ns) + CELL(0.155 ns) = 5.458 ns; Loc. = LCFF_X35_Y17_N27; Fanout = 5; REG Node = 'codeoutv[0]'
        Info: Total cell delay = 1.348 ns ( 24.70 % )
        Info: Total interconnect delay = 4.110 ns ( 75.30 % )
Info: Quartus II Classic Timing Analyzer was successful. 0 errors, 1 warning
    Info: Peak virtual memory: 190 megabytes
    Info: Processing ended: Wed Jun 30 10:51:32 2021
    Info: Elapsed time: 00:00:00
    Info: Total CPU time (on all processors): 00:00:00


